
------------------------------------------------------------
Sender: LSF System <lsfadmin@n-62-21-77>
Subject: Job 8704122: <NONAME> in cluster <dcc> Done

Job <NONAME> was submitted from host <n-62-30-7> by user <s202581> in cluster <dcc> at Fri Jan  8 12:40:31 2021
Job was executed on host(s) <n-62-21-77>, in queue <hpcintro>, as user <s202581> in cluster <dcc> at Fri Jan  8 12:40:34 2021
</zhome/8f/4/153683> was used as the home directory.
</zhome/8f/4/153683/HPC/big_boi_project/jorge/Assignment/find blocksize> was used as the working directory.
Started at Fri Jan  8 12:40:34 2021
Terminated at Fri Jan  8 12:40:34 2021
Results reported at Fri Jan  8 12:40:34 2021

Your job looked like:

------------------------------------------------------------
# LSBATCH: User input
#!/bin/bash
#BSUB -q hpcintro

lscpu > ./specifications

------------------------------------------------------------

Successfully completed.

Resource usage summary:

    CPU time :                                   0.25 sec.
    Max Memory :                                 -
    Average Memory :                             -
    Total Requested Memory :                     1024.00 MB
    Delta Memory :                               -
    Max Swap :                                   -
    Max Processes :                              -
    Max Threads :                                -
    Run time :                                   0 sec.
    Turnaround time :                            3 sec.

The output (if any) is above this job summary.

