Loaded module: studio/12u6
Creating experiment database collector.8698994.er (Process ID: 19059) ...
   859.375   1006.388 0 # matmult_nkm

------------------------------------------------------------
Sender: LSF System <lsfadmin@n-62-21-78>
Subject: Job 8698994: <collector> in cluster <dcc> Done

Job <collector> was submitted from host <n-62-30-6> by user <s202382> in cluster <dcc> at Fri Jan  8 00:19:55 2021
Job was executed on host(s) <n-62-21-78>, in queue <hpcintro>, as user <s202382> in cluster <dcc> at Fri Jan  8 00:19:56 2021
</zhome/51/5/153768> was used as the home directory.
</zhome/51/5/153768/assignment1> was used as the working directory.
Started at Fri Jan  8 00:19:56 2021
Terminated at Fri Jan  8 00:20:21 2021
Results reported at Fri Jan  8 00:20:21 2021

Your job looked like:

------------------------------------------------------------
# LSBATCH: User input
#!/bin/bash
# 02614 - High-Performance Computing, January 2018
# 
# batch script to run collect on a decidated server in the hpcintro
# queue
#
# Author: Bernd Dammann <bd@cc.dtu.dk>
#
#BSUB -J collector
#BSUB -o collector_nkm.out
#BSUB -q hpcintro
#BSUB -n 1
#BSUB -R "rusage[mem=2048]"
#BSUB -W 15

module load studio

# define the driver name to use
# valid values: matmult_c.studio, matmult_f.studio, matmult_c.gcc or
# matmult_f.gcc
#
EXECUTABLE=matmult_c.gcc

# define the mkn values in the MKN variable
#
MKN="200 100 300"

# define the permutation type in PERM
#
PERM="nkm"

# uncomment and set a reasonable BLKSIZE for the blk version
#
# BLKSIZE=1

# define the max no. of iterations the driver should use - adjust to
# get a reasonable run time.  You can get an estimate by trying this
# on the command line, i.e. "MFLOPS_MAX_IT=10 ./matmult_...." for the
# problem size you want to analyze.
#
export MFLOPS_MAX_IT=1000
export MATMULT_COMPARE=1

# experiment name 
#
JID=${LSB_JOBID}
EXPOUT="$LSB_JOBNAME.${JID}.er"

# uncomment the HWCOUNT line, if you want to use hardware counters
# define an option string for the harwdware counters (see output of

(... more ...)
------------------------------------------------------------

Successfully completed.

Resource usage summary:

    CPU time :                                   12.27 sec.
    Max Memory :                                 26 MB
    Average Memory :                             8.67 MB
    Total Requested Memory :                     2048.00 MB
    Delta Memory :                               2022.00 MB
    Max Swap :                                   -
    Max Processes :                              4
    Max Threads :                                5
    Run time :                                   25 sec.
    Turnaround time :                            26 sec.

The output (if any) is above this job summary.

