30
50
76
112
149
161
172
200
250
300
350
400
500
800
1000
2000
3000
4000

------------------------------------------------------------
Sender: LSF System <lsfadmin@n-62-21-77>
Subject: Job 8704680: <comparison> in cluster <dcc> Exited

Job <comparison> was submitted from host <n-62-30-7> by user <s202581> in cluster <dcc> at Fri Jan  8 14:50:15 2021
Job was executed on host(s) <n-62-21-77>, in queue <hpcintro>, as user <s202581> in cluster <dcc> at Fri Jan  8 14:50:17 2021
</zhome/8f/4/153683> was used as the home directory.
</zhome/8f/4/153683/HPC/big_boi_project/jorge/Assignment/comparison with mkn> was used as the working directory.
Started at Fri Jan  8 14:50:17 2021
Terminated at Fri Jan  8 14:58:48 2021
Results reported at Fri Jan  8 14:58:48 2021

Your job looked like:

------------------------------------------------------------
# LSBATCH: User input
#!/bin/bash

#BSUB -J comparison
#BSUB -W 10
#BSUB -q hpcintro

rm -f mkn_output.txt blk_output.txt

msizes="30 50 76 112 149 161 172 200 250 300 350 400 500 800 1000 2000 3000 4000 5000"

for size in $msizes
do
    echo $size
    block=$((40*$size/100))
    matmult_c.gcc mkn $size $size $size >> "./mkn_output.txt"
    matmult_c.gcc blk $size $size $size $block >> "./blk_output.txt"
        
done

echo All done!

------------------------------------------------------------

TERM_OWNER: job killed by owner.
Exited with exit code 130.

Resource usage summary:

    CPU time :                                   511.39 sec.
    Max Memory :                                 784 MB
    Average Memory :                             569.17 MB
    Total Requested Memory :                     1024.00 MB
    Delta Memory :                               240.00 MB
    Max Swap :                                   -
    Max Processes :                              4
    Max Threads :                                5
    Run time :                                   511 sec.
    Turnaround time :                            513 sec.

The output (if any) is above this job summary.

